SF:lib/src/settings.dart
DA:6,9
DA:100,1
DA:118,1
DA:119,1
DA:120,1
DA:121,1
DA:122,1
DA:123,1
DA:124,1
DA:125,1
DA:126,1
DA:127,1
DA:128,1
DA:129,1
DA:130,1
DA:131,1
DA:132,1
DA:133,1
DA:134,1
LF:19
LH:19
end_of_record
SF:lib/src/interceptor.dart
DA:10,2
DA:15,2
DA:16,4
DA:26,0
DA:40,0
DA:53,0
DA:56,2
DA:60,4
DA:64,4
DA:69,4
DA:70,4
DA:71,4
DA:73,0
DA:74,0
DA:75,0
DA:76,0
DA:78,4
DA:79,2
DA:80,1
DA:81,1
DA:82,2
DA:85,4
DA:86,2
DA:88,2
DA:89,4
DA:90,4
DA:92,2
DA:99,1
DA:103,2
DA:107,2
DA:112,3
DA:117,1
DA:118,2
DA:119,4
DA:120,2
DA:123,2
DA:125,2
DA:127,0
DA:128,0
DA:129,0
DA:133,4
DA:134,1
DA:135,2
DA:137,1
DA:138,4
DA:139,3
DA:142,0
DA:143,1
DA:144,1
DA:145,2
DA:146,1
DA:147,1
DA:148,2
DA:149,1
DA:152,1
DA:154,3
DA:155,0
DA:156,1
DA:162,4
DA:163,2
DA:168,1
DA:169,1
DA:171,2
DA:172,0
DA:176,0
DA:179,1
DA:180,2
DA:181,0
DA:183,1
DA:185,0
DA:186,0
DA:187,0
DA:188,0
DA:193,0
DA:195,0
DA:196,1
DA:198,2
DA:199,1
DA:201,2
DA:202,3
DA:203,3
DA:204,1
DA:205,1
DA:207,3
DA:208,2
DA:209,0
DA:210,0
DA:211,0
DA:212,0
DA:213,0
DA:215,2
DA:216,2
DA:217,0
DA:218,0
DA:219,0
DA:220,1
DA:223,1
DA:225,2
DA:226,1
DA:227,2
DA:228,0
DA:231,2
DA:235,2
DA:236,1
DA:238,2
DA:239,3
DA:240,3
DA:241,1
DA:243,3
DA:244,2
DA:245,0
DA:246,0
DA:247,0
DA:248,0
DA:249,0
DA:251,2
DA:252,0
DA:253,0
DA:254,0
DA:255,0
DA:256,0
DA:258,2
DA:259,2
DA:260,1
DA:261,1
DA:263,2
DA:264,1
DA:265,2
DA:266,1
DA:269,3
DA:278,1
DA:283,1
DA:284,4
DA:285,3
DA:288,2
DA:290,1
DA:291,1
DA:292,2
DA:293,1
DA:294,1
DA:295,2
DA:296,1
DA:299,1
DA:302,3
DA:303,1
DA:305,1
DA:312,1
DA:315,1
DA:316,2
DA:319,0
LF:150
LH:109
end_of_record
SF:lib/src/data/request.dart
DA:5,2
DA:9,2
DA:15,2
DA:16,8
DA:17,6
DA:18,6
DA:19,6
DA:20,6
DA:21,6
DA:22,3
DA:23,6
DA:28,2
DA:30,1
DA:35,5
LF:14
LH:14
end_of_record
SF:lib/src/data/response.dart
DA:8,2
DA:20,2
DA:29,2
DA:30,10
DA:31,6
DA:32,6
DA:33,2
DA:34,4
DA:37,2
DA:43,6
DA:44,6
DA:45,6
DA:46,2
DA:47,2
DA:48,1
DA:49,2
DA:54,4
DA:55,2
DA:56,8
DA:57,2
DA:58,2
DA:59,2
DA:60,2
DA:61,1
DA:62,2
DA:63,1
DA:64,1
DA:65,2
DA:66,1
DA:69,1
DA:71,3
DA:78,1
DA:79,1
DA:80,2
DA:84,4
DA:89,1
DA:90,2
DA:91,1
DA:92,1
DA:96,1
DA:97,1
DA:98,1
DA:103,5
DA:107,1
DA:108,1
DA:109,1
DA:114,1
DA:115,4
DA:118,1
DA:125,1
DA:133,1
DA:134,1
DA:140,1
DA:143,1
DA:148,1
LF:55
LH:55
end_of_record
SF:lib/src/models/error.dart
DA:6,1
DA:19,1
DA:22,3
DA:23,1
DA:25,1
DA:26,1
DA:27,1
DA:28,1
DA:46,1
DA:48,4
DA:49,3
DA:51,3
DA:52,0
DA:55,5
DA:56,2
DA:57,2
DA:60,5
DA:61,0
DA:62,0
DA:65,2
LF:20
LH:17
end_of_record
SF:lib/src/models/request.dart
DA:5,2
DA:13,2
DA:16,6
DA:17,2
DA:18,2
DA:19,2
DA:20,2
DA:21,2
DA:22,4
DA:35,2
DA:37,8
DA:39,6
DA:40,4
DA:41,4
DA:44,4
DA:45,0
DA:46,0
DA:47,0
DA:48,0
DA:50,0
DA:53,4
LF:21
LH:16
end_of_record
SF:lib/src/models/response.dart
DA:6,2
DA:20,2
DA:23,6
DA:24,2
DA:26,2
DA:27,2
DA:28,2
DA:29,2
DA:48,1
DA:50,4
DA:51,3
DA:53,3
DA:54,0
DA:57,3
DA:58,1
DA:59,1
DA:61,2
DA:64,2
DA:65,0
DA:66,0
DA:67,0
DA:68,0
DA:70,0
DA:73,2
LF:24
LH:18
end_of_record
